\BOOKMARK [0][-]{chapter.1}{Specifiche}{}% 1
\BOOKMARK [1][-]{section.1.1}{Comunicazione}{chapter.1}% 2
\BOOKMARK [1][-]{section.1.2}{Ottenimento Lista Risorse da parte degli Observer}{chapter.1}% 3
\BOOKMARK [1][-]{section.1.3}{Registrazione}{chapter.1}% 4
\BOOKMARK [1][-]{section.1.4}{Gestione dei Soggetti nel Proxy Server}{chapter.1}% 5
\BOOKMARK [1][-]{section.1.5}{Gestione degli Osservatori nel Proxy Server}{chapter.1}% 6
\BOOKMARK [1][-]{section.1.6}{Ottenimento Risorse nel Nodo Sensore}{chapter.1}% 7
\BOOKMARK [1][-]{section.1.7}{Gestione Priorit\340 dei Valori}{chapter.1}% 8
\BOOKMARK [1][-]{section.1.8}{Gestione della Batteria}{chapter.1}% 9
\BOOKMARK [1][-]{section.1.9}{Trasmissione dei Valori dal Nodo Sensore}{chapter.1}% 10
\BOOKMARK [1][-]{section.1.10}{Gestione del max-age nel Nodo Sensore}{chapter.1}% 11
\BOOKMARK [1][-]{section.1.11}{Implementazione}{chapter.1}% 12
\BOOKMARK [1][-]{section.1.12}{Testing}{chapter.1}% 13
\BOOKMARK [0][-]{chapter.2}{Modulo ProxyObserver}{}% 14
\BOOKMARK [1][-]{section.2.1}{Descrizione}{chapter.2}% 15
\BOOKMARK [1][-]{section.2.2}{Modifiche a Californium lato Server}{chapter.2}% 16
\BOOKMARK [1][-]{section.2.3}{Implementazione}{chapter.2}% 17
\BOOKMARK [0][-]{chapter.3}{Modulo ProxySubject}{}% 18
\BOOKMARK [1][-]{section.3.1}{Descrizione}{chapter.3}% 19
\BOOKMARK [1][-]{section.3.2}{Implementazione}{chapter.3}% 20
\BOOKMARK [0][-]{chapter.4}{Observer}{}% 21
\BOOKMARK [1][-]{section.4.1}{Descrizione}{chapter.4}% 22
\BOOKMARK [1][-]{section.4.2}{Modifiche a Californium lato Client}{chapter.4}% 23
\BOOKMARK [1][-]{section.4.3}{Implementazione}{chapter.4}% 24
\BOOKMARK [0][-]{chapter.5}{Subject}{}% 25
\BOOKMARK [1][-]{section.5.1}{Descrizione}{chapter.5}% 26
\BOOKMARK [1][-]{section.5.2}{Modifiche al Border Router}{chapter.5}% 27
\BOOKMARK [1][-]{section.5.3}{Implementazione}{chapter.5}% 28
